#
# There is insufficient memory for the Java Runtime Environment to continue.
# Native memory allocation (malloc) failed to allocate 537536 bytes for Chunk::new
# Possible reasons:
#   The system is out of physical RAM or swap space
#   In 32 bit mode, the process size limit was hit
# Possible solutions:
#   Reduce memory load on the system
#   Increase physical memory or swap space
#   Check if swap backing store is full
#   Use 64 bit Java on a 64 bit OS
#   Decrease Java heap size (-Xmx/-Xms)
#   Decrease number of Java threads
#   Decrease Java thread stack sizes (-Xss)
#   Set larger code cache with -XX:ReservedCodeCacheSize=
# This output file may be truncated or incomplete.
#
#  Out of Memory Error (allocation.cpp:390), pid=4052, tid=5396
#
# JRE version: Java(TM) SE Runtime Environment (8.0_25-b18) (build 1.8.0_25-b18)
# Java VM: Java HotSpot(TM) 64-Bit Server VM (25.25-b02 mixed mode windows-amd64 compressed oops)
# Failed to write core dump. Minidumps are not enabled by default on client versions of Windows
#

---------------  T H R E A D  ---------------

Current thread (0x0000000014c95800):  JavaThread "C2 CompilerThread0" daemon [_thread_in_native, id=5396, stack(0x00000000167b0000,0x00000000168b0000)]

Stack: [0x00000000167b0000,0x00000000168b0000]
Native frames: (J=compiled Java code, j=interpreted, Vv=VM code, C=native code)
V  [jvm.dll+0x31667a]
V  [jvm.dll+0x267073]
V  [jvm.dll+0x267cb3]
V  [jvm.dll+0x25f5b5]
V  [jvm.dll+0xbf165]
V  [jvm.dll+0xbf60c]
V  [jvm.dll+0x45d672]
V  [jvm.dll+0x49e8ef]
V  [jvm.dll+0x4524ef]
V  [jvm.dll+0x453864]
V  [jvm.dll+0x437372]
V  [jvm.dll+0x98a02]
V  [jvm.dll+0x991f3]
V  [jvm.dll+0x22bde4]
V  [jvm.dll+0x2852fa]
C  [msvcr100.dll+0x21d9f]
C  [msvcr100.dll+0x21e3b]
C  [KERNEL32.DLL+0x16ad]
C  [ntdll.dll+0x54409]


Current CompileTask:
C2: 426488 2228       4       java.awt.Component::getGraphics (124 bytes)


---------------  P R O C E S S  ---------------

Java Threads: ( => current thread )
  0x00000000178e2000 JavaThread "TimerQueue" daemon [_thread_blocked, id=3660, stack(0x000000001be80000,0x000000001bf80000)]
  0x00000000025a2800 JavaThread "DestroyJavaVM" [_thread_blocked, id=5256, stack(0x00000000024a0000,0x00000000025a0000)]
  0x0000000019def800 JavaThread "D3D Screen Updater" daemon [_thread_blocked, id=4512, stack(0x000000001c2a0000,0x000000001c3a0000)]
  0x000000001765b000 JavaThread "AWT-EventQueue-0" [_thread_blocked, id=3872, stack(0x00000000196e0000,0x00000000197e0000)]
  0x0000000016e7e000 JavaThread "AWT-Windows" daemon [_thread_in_native, id=5980, stack(0x00000000173b0000,0x00000000174b0000)]
  0x0000000016e77800 JavaThread "AWT-Shutdown" [_thread_blocked, id=3220, stack(0x00000000172b0000,0x00000000173b0000)]
  0x0000000016e74800 JavaThread "Java2D Disposer" daemon [_thread_blocked, id=5128, stack(0x00000000171b0000,0x00000000172b0000)]
  0x0000000016ae6800 JavaThread "Service Thread" daemon [_thread_blocked, id=3136, stack(0x0000000016eb0000,0x0000000016fb0000)]
  0x0000000014c99800 JavaThread "C1 CompilerThread2" daemon [_thread_blocked, id=5764, stack(0x00000000169b0000,0x0000000016ab0000)]
  0x0000000014c91800 JavaThread "C2 CompilerThread1" daemon [_thread_blocked, id=3904, stack(0x00000000168b0000,0x00000000169b0000)]
=>0x0000000014c95800 JavaThread "C2 CompilerThread0" daemon [_thread_in_native, id=5396, stack(0x00000000167b0000,0x00000000168b0000)]
  0x0000000014c85800 JavaThread "JDWP Command Reader" daemon [_thread_in_native, id=5580, stack(0x00000000166b0000,0x00000000167b0000)]
  0x0000000014c84000 JavaThread "JDWP Event Helper Thread" daemon [_thread_blocked, id=5528, stack(0x00000000165b0000,0x00000000166b0000)]
  0x0000000014c7e800 JavaThread "JDWP Transport Listener: dt_socket" daemon [_thread_blocked, id=3796, stack(0x00000000164b0000,0x00000000165b0000)]
  0x0000000014c6c000 JavaThread "Attach Listener" daemon [_thread_blocked, id=3120, stack(0x00000000160d0000,0x00000000161d0000)]
  0x0000000014c6a800 JavaThread "Signal Dispatcher" daemon [_thread_blocked, id=3804, stack(0x0000000015fd0000,0x00000000160d0000)]
  0x0000000002693000 JavaThread "Finalizer" daemon [_thread_blocked, id=5836, stack(0x0000000015ed0000,0x0000000015fd0000)]
  0x000000000268c800 JavaThread "Reference Handler" daemon [_thread_blocked, id=4628, stack(0x0000000015dd0000,0x0000000015ed0000)]

Other Threads:
  0x0000000014c37000 VMThread [stack: 0x0000000015cd0000,0x0000000015dd0000] [id=3996]
  0x0000000014cce800 WatcherThread [stack: 0x0000000016fb0000,0x00000000170b0000] [id=4448]

VM state:not at safepoint (normal execution)

VM Mutex/Monitor currently owned by a thread: None

Heap:
 PSYoungGen      total 35328K, used 8509K [0x00000000eb400000, 0x00000000ed900000, 0x0000000100000000)
  eden space 32768K, 18% used [0x00000000eb400000,0x00000000eb9cfb38,0x00000000ed400000)
  from space 2560K, 99% used [0x00000000ed680000,0x00000000ed8ff950,0x00000000ed900000)
  to   space 2560K, 0% used [0x00000000ed400000,0x00000000ed400000,0x00000000ed680000)
 ParOldGen       total 44032K, used 21871K [0x00000000c1c00000, 0x00000000c4700000, 0x00000000eb400000)
  object space 44032K, 49% used [0x00000000c1c00000,0x00000000c315bca8,0x00000000c4700000)
 Metaspace       used 16338K, capacity 16540K, committed 16768K, reserved 1064960K
  class space    used 2104K, capacity 2175K, committed 2176K, reserved 1048576K

Card table byte_map: [0x0000000011a60000,0x0000000011c60000] byte_map_base: 0x0000000011452000

Marking Bits: (ParMarkBitMap*) 0x000000007486d490
 Begin Bits: [0x00000000121b0000, 0x0000000013140000)
 End Bits:   [0x0000000013140000, 0x00000000140d0000)

Polling page: 0x0000000000b90000

CodeCache: size=245760Kb used=7331Kb max_used=7551Kb free=238428Kb
 bounds [0x00000000026a0000, 0x0000000002e10000, 0x00000000116a0000]
 total_blobs=2681 nmethods=2133 adapters=467
 compilation: enabled

Compilation events (10 events):
Event: 425.579 Thread 0x0000000014c99800 nmethod 2223 0x000000000297acd0 code [0x000000000297ae80, 0x000000000297b448]
Event: 425.579 Thread 0x0000000014c99800 2225       3       javax.swing.text.ParagraphView$Row::getViewIndexAtPosition (61 bytes)
Event: 425.581 Thread 0x0000000014c99800 nmethod 2225 0x000000000297a190 code [0x000000000297a360, 0x000000000297aa38]
Event: 425.581 Thread 0x0000000014c99800 2224       3       javax.swing.plaf.basic.BasicTextUI::getVisibleEditorRect (106 bytes)
Event: 425.583 Thread 0x0000000014c99800 nmethod 2224 0x0000000002979290 code [0x0000000002979460, 0x0000000002979d58]
Event: 425.583 Thread 0x0000000014c99800 2226       3       javax.swing.text.DefaultHighlighter::paintLayeredHighlights (104 bytes)
Event: 425.584 Thread 0x0000000014c95800 2228       4       java.awt.Component::getGraphics (124 bytes)
Event: 425.586 Thread 0x0000000014c99800 nmethod 2226 0x0000000002977f90 code [0x0000000002978180, 0x0000000002978e38]
Event: 425.586 Thread 0x0000000014c99800 2227       3       javax.swing.text.Utilities::isComposedTextElement (12 bytes)
Event: 425.587 Thread 0x0000000014c99800 nmethod 2227 0x0000000002977890 code [0x0000000002977a20, 0x0000000002977e28]

GC Heap History (8 events):
Event: 2.381 GC heap before
{Heap before GC invocations=1 (full 0):
 PSYoungGen      total 18944K, used 16384K [0x00000000eb400000, 0x00000000ec900000, 0x0000000100000000)
  eden space 16384K, 100% used [0x00000000eb400000,0x00000000ec400000,0x00000000ec400000)
  from space 2560K, 0% used [0x00000000ec680000,0x00000000ec680000,0x00000000ec900000)
  to   space 2560K, 0% used [0x00000000ec400000,0x00000000ec400000,0x00000000ec680000)
 ParOldGen       total 44032K, used 0K [0x00000000c1c00000, 0x00000000c4700000, 0x00000000eb400000)
  object space 44032K, 0% used [0x00000000c1c00000,0x00000000c1c00000,0x00000000c4700000)
 Metaspace       used 13369K, capacity 13554K, committed 13696K, reserved 1060864K
  class space    used 1823K, capacity 1876K, committed 1920K, reserved 1048576K
Event: 2.401 GC heap after
Heap after GC invocations=1 (full 0):
 PSYoungGen      total 18944K, used 2528K [0x00000000eb400000, 0x00000000ec900000, 0x0000000100000000)
  eden space 16384K, 0% used [0x00000000eb400000,0x00000000eb400000,0x00000000ec400000)
  from space 2560K, 98% used [0x00000000ec400000,0x00000000ec678030,0x00000000ec680000)
  to   space 2560K, 0% used [0x00000000ec680000,0x00000000ec680000,0x00000000ec900000)
 ParOldGen       total 44032K, used 3062K [0x00000000c1c00000, 0x00000000c4700000, 0x00000000eb400000)
  object space 44032K, 6% used [0x00000000c1c00000,0x00000000c1efd938,0x00000000c4700000)
 Metaspace       used 13369K, capacity 13554K, committed 13696K, reserved 1060864K
  class space    used 1823K, capacity 1876K, committed 1920K, reserved 1048576K
}
Event: 2.627 GC heap before
{Heap before GC invocations=2 (full 0):
 PSYoungGen      total 18944K, used 18912K [0x00000000eb400000, 0x00000000ec900000, 0x0000000100000000)
  eden space 16384K, 100% used [0x00000000eb400000,0x00000000ec400000,0x00000000ec400000)
  from space 2560K, 98% used [0x00000000ec400000,0x00000000ec678030,0x00000000ec680000)
  to   space 2560K, 0% used [0x00000000ec680000,0x00000000ec680000,0x00000000ec900000)
 ParOldGen       total 44032K, used 3062K [0x00000000c1c00000, 0x00000000c4700000, 0x00000000eb400000)
  object space 44032K, 6% used [0x00000000c1c00000,0x00000000c1efd938,0x00000000c4700000)
 Metaspace       used 13456K, capacity 13618K, committed 13952K, reserved 1060864K
  class space    used 1823K, capacity 1876K, committed 1920K, reserved 1048576K
Event: 2.659 GC heap after
Heap after GC invocations=2 (full 0):
 PSYoungGen      total 18944K, used 2528K [0x00000000eb400000, 0x00000000ed900000, 0x0000000100000000)
  eden space 16384K, 0% used [0x00000000eb400000,0x00000000eb400000,0x00000000ec400000)
  from space 2560K, 98% used [0x00000000ec680000,0x00000000ec8f8010,0x00000000ec900000)
  to   space 2560K, 0% used [0x00000000ec400000,0x00000000ec400000,0x00000000ec680000)
 ParOldGen       total 44032K, used 10350K [0x00000000c1c00000, 0x00000000c4700000, 0x00000000eb400000)
  object space 44032K, 23% used [0x00000000c1c00000,0x00000000c261b938,0x00000000c4700000)
 Metaspace       used 13456K, capacity 13618K, committed 13952K, reserved 1060864K
  class space    used 1823K, capacity 1876K, committed 1920K, reserved 1048576K
}
Event: 2.783 GC heap before
{Heap before GC invocations=3 (full 0):
 PSYoungGen      total 18944K, used 18912K [0x00000000eb400000, 0x00000000ed900000, 0x0000000100000000)
  eden space 16384K, 100% used [0x00000000eb400000,0x00000000ec400000,0x00000000ec400000)
  from space 2560K, 98% used [0x00000000ec680000,0x00000000ec8f8010,0x00000000ec900000)
  to   space 2560K, 0% used [0x00000000ec400000,0x00000000ec400000,0x00000000ec680000)
 ParOldGen       total 44032K, used 10350K [0x00000000c1c00000, 0x00000000c4700000, 0x00000000eb400000)
  object space 44032K, 23% used [0x00000000c1c00000,0x00000000c261b938,0x00000000c4700000)
 Metaspace       used 13456K, capacity 13618K, committed 13952K, reserved 1060864K
  class space    used 1823K, capacity 1876K, committed 1920K, reserved 1048576K
Event: 2.822 GC heap after
Heap after GC invocations=3 (full 0):
 PSYoungGen      total 18944K, used 2528K [0x00000000eb400000, 0x00000000ed900000, 0x0000000100000000)
  eden space 16384K, 0% used [0x00000000eb400000,0x00000000eb400000,0x00000000ec400000)
  from space 2560K, 98% used [0x00000000ec400000,0x00000000ec678010,0x00000000ec680000)
  to   space 2560K, 0% used [0x00000000ed680000,0x00000000ed680000,0x00000000ed900000)
 ParOldGen       total 44032K, used 17806K [0x00000000c1c00000, 0x00000000c4700000, 0x00000000eb400000)
  object space 44032K, 40% used [0x00000000c1c00000,0x00000000c2d63948,0x00000000c4700000)
 Metaspace       used 13456K, capacity 13618K, committed 13952K, reserved 1060864K
  class space    used 1823K, capacity 1876K, committed 1920K, reserved 1048576K
}
Event: 54.164 GC heap before
{Heap before GC invocations=4 (full 0):
 PSYoungGen      total 18944K, used 18912K [0x00000000eb400000, 0x00000000ed900000, 0x0000000100000000)
  eden space 16384K, 100% used [0x00000000eb400000,0x00000000ec400000,0x00000000ec400000)
  from space 2560K, 98% used [0x00000000ec400000,0x00000000ec678010,0x00000000ec680000)
  to   space 2560K, 0% used [0x00000000ed680000,0x00000000ed680000,0x00000000ed900000)
 ParOldGen       total 44032K, used 17806K [0x00000000c1c00000, 0x00000000c4700000, 0x00000000eb400000)
  object space 44032K, 40% used [0x00000000c1c00000,0x00000000c2d63948,0x00000000c4700000)
 Metaspace       used 16071K, capacity 16246K, committed 16512K, reserved 1062912K
  class space    used 2083K, capacity 2142K, committed 2176K, reserved 1048576K
Event: 54.210 GC heap after
Heap after GC invocations=4 (full 0):
 PSYoungGen      total 35328K, used 2558K [0x00000000eb400000, 0x00000000ed900000, 0x0000000100000000)
  eden space 32768K, 0% used [0x00000000eb400000,0x00000000eb400000,0x00000000ed400000)
  from space 2560K, 99% used [0x00000000ed680000,0x00000000ed8ff950,0x00000000ed900000)
  to   space 2560K, 0% used [0x00000000ed400000,0x00000000ed400000,0x00000000ed680000)
 ParOldGen       total 44032K, used 21871K [0x00000000c1c00000, 0x00000000c4700000, 0x00000000eb400000)
  object space 44032K, 49% used [0x00000000c1c00000,0x00000000c315bca8,0x00000000c4700000)
 Metaspace       used 16071K, capacity 16246K, committed 16512K, reserved 1062912K
  class space    used 2083K, capacity 2142K, committed 2176K, reserved 1048576K
}

Deoptimization events (10 events):
Event: 7.035 Thread 0x00000000025a2800 Uncommon trap: reason=bimorphic action=maybe_recompile pc=0x0000000002a602c8 method=javax.swing.RepaintManager.addDirtyRegion0(Ljava/awt/Container;IIII)V @ 23
Event: 7.035 Thread 0x00000000025a2800 Uncommon trap: reason=bimorphic action=maybe_recompile pc=0x0000000002a602c8 method=javax.swing.RepaintManager.addDirtyRegion0(Ljava/awt/Container;IIII)V @ 23
Event: 7.035 Thread 0x00000000025a2800 Uncommon trap: reason=bimorphic action=maybe_recompile pc=0x0000000002a602c8 method=javax.swing.RepaintManager.addDirtyRegion0(Ljava/awt/Container;IIII)V @ 23
Event: 7.036 Thread 0x00000000025a2800 Uncommon trap: reason=bimorphic action=maybe_recompile pc=0x0000000002a602c8 method=javax.swing.RepaintManager.addDirtyRegion0(Ljava/awt/Container;IIII)V @ 23
Event: 69.938 Thread 0x000000001765b000 Uncommon trap: reason=class_check action=maybe_recompile pc=0x0000000002da2e38 method=java.awt.EventQueue.coalesceEvent(Ljava/awt/AWTEvent;I)Z @ 32
Event: 70.161 Thread 0x000000001765b000 Uncommon trap: reason=class_check action=maybe_recompile pc=0x0000000002d8354c method=sun.java2d.SunGraphics2D.validateCompClip()V @ 102
Event: 70.167 Thread 0x000000001765b000 Uncommon trap: reason=class_check action=maybe_recompile pc=0x0000000002d8354c method=sun.java2d.SunGraphics2D.validateCompClip()V @ 102
Event: 70.170 Thread 0x000000001765b000 Uncommon trap: reason=class_check action=maybe_recompile pc=0x0000000002d8354c method=sun.java2d.SunGraphics2D.validateCompClip()V @ 102
Event: 70.172 Thread 0x000000001765b000 Uncommon trap: reason=class_check action=maybe_recompile pc=0x0000000002d8354c method=sun.java2d.SunGraphics2D.validateCompClip()V @ 102
Event: 418.069 Thread 0x000000001765b000 Uncommon trap: reason=class_check action=maybe_recompile pc=0x0000000002da2e38 method=java.awt.EventQueue.coalesceEvent(Ljava/awt/AWTEvent;I)Z @ 32

Internal exceptions (10 events):
Event: 2.971 Thread 0x0000000017899800 Exception <a 'java/io/FileNotFoundException'> (0x00000000eb9b4a70) thrown at [D:\re\workspace\8-2-build-windows-amd64-cygwin\jdk8u25\1677\hotspot\src\share\vm\prims\jni.cpp, line 716]
Event: 2.973 Thread 0x0000000017899800 Exception <a 'java/io/FileNotFoundException'> (0x00000000eb9b4d58) thrown at [D:\re\workspace\8-2-build-windows-amd64-cygwin\jdk8u25\1677\hotspot\src\share\vm\prims\jni.cpp, line 716]
Event: 3.002 Thread 0x0000000017899800 Exception <a 'java/lang/InterruptedException': sleep interrupted> (0x00000000eba0dfd0) thrown at [D:\re\workspace\8-2-build-windows-amd64-cygwin\jdk8u25\1677\hotspot\src\share\vm\prims\jvm.cpp, line 3093]
Event: 6.935 Thread 0x0000000017899800 Exception <a 'java/lang/InterruptedException': sleep interrupted> (0x00000000ebd094d8) thrown at [D:\re\workspace\8-2-build-windows-amd64-cygwin\jdk8u25\1677\hotspot\src\share\vm\prims\jvm.cpp, line 3093]
Event: 6.990 Thread 0x00000000025a2800 Exception <a 'java/security/PrivilegedActionException'> (0x00000000ebe74590) thrown at [D:\re\workspace\8-2-build-windows-amd64-cygwin\jdk8u25\1677\hotspot\src\share\vm\prims\jvm.cpp, line 1312]
Event: 6.993 Thread 0x00000000025a2800 Exception <a 'java/security/PrivilegedActionException'> (0x00000000ebe77ff0) thrown at [D:\re\workspace\8-2-build-windows-amd64-cygwin\jdk8u25\1677\hotspot\src\share\vm\prims\jvm.cpp, line 1312]
Event: 7.433 Thread 0x000000001765b000 Exception <a 'java/security/PrivilegedActionException'> (0x00000000ebfc99b8) thrown at [D:\re\workspace\8-2-build-windows-amd64-cygwin\jdk8u25\1677\hotspot\src\share\vm\prims\jvm.cpp, line 1312]
Event: 11.447 Thread 0x000000001765b000 Exception <a 'java/security/PrivilegedActionException'> (0x00000000ec03fc98) thrown at [D:\re\workspace\8-2-build-windows-amd64-cygwin\jdk8u25\1677\hotspot\src\share\vm\prims\jvm.cpp, line 1312]
Event: 418.807 Thread 0x000000001765b000 Exception <a 'java/security/PrivilegedActionException'> (0x00000000eb7d8400) thrown at [D:\re\workspace\8-2-build-windows-amd64-cygwin\jdk8u25\1677\hotspot\src\share\vm\prims\jvm.cpp, line 1312]
Event: 418.937 Thread 0x000000001765b000 Exception <a 'java/security/PrivilegedActionException'> (0x00000000eb7e46f8) thrown at [D:\re\workspace\8-2-build-windows-amd64-cygwin\jdk8u25\1677\hotspot\src\share\vm\prims\jvm.cpp, line 1312]

Events (10 events):
Event: 419.062 Thread 0x0000000014c99800 flushing nmethod 0x0000000002a73c10
Event: 419.062 Thread 0x0000000014c99800 flushing nmethod 0x0000000002a849d0
Event: 420.175 loading class javax/swing/text/AbstractDocument$ElementEdit
Event: 420.175 loading class javax/swing/text/AbstractDocument$ElementEdit done
Event: 420.176 loading class javax/swing/text/DefaultStyledDocument$AttributeUndoableEdit
Event: 420.176 loading class javax/swing/text/DefaultStyledDocument$AttributeUndoableEdit done
Event: 425.572 loading class javax/swing/text/GapContent$RemoveUndo
Event: 425.573 loading class javax/swing/text/GapContent$RemoveUndo done
Event: 425.573 loading class javax/swing/text/GapContent$UndoPosRef
Event: 425.573 loading class javax/swing/text/GapContent$UndoPosRef done


Dynamic libraries:
0x00007ff604e00000 - 0x00007ff604e34000 	C:\Program Files\Java\jre1.8.0_25\bin\javaw.exe
0x00007ffc337c0000 - 0x00007ffc33966000 	C:\Windows\SYSTEM32\ntdll.dll
0x00007ffc33390000 - 0x00007ffc334ca000 	C:\Windows\system32\KERNEL32.DLL
0x00007ffc30d50000 - 0x00007ffc30e5f000 	C:\Windows\system32\KERNELBASE.dll
0x00007ffc2f720000 - 0x00007ffc2f7a8000 	C:\Windows\system32\apphelp.dll
0x00007ffc1dda0000 - 0x00007ffc1ddef000 	C:\Windows\AppPatch\AppPatch64\AcGenral.DLL
0x00007ffc317d0000 - 0x00007ffc31877000 	C:\Windows\system32\msvcrt.dll
0x00007ffc30900000 - 0x00007ffc3092b000 	C:\Windows\SYSTEM32\SspiCli.dll
0x00007ffc336d0000 - 0x00007ffc33721000 	C:\Windows\system32\SHLWAPI.dll
0x00007ffc31440000 - 0x00007ffc315b1000 	C:\Windows\system32\USER32.dll
0x00007ffc31210000 - 0x00007ffc31388000 	C:\Windows\system32\ole32.dll
0x00007ffc31880000 - 0x00007ffc32c8f000 	C:\Windows\system32\SHELL32.dll
0x00007ffc30110000 - 0x00007ffc3012e000 	C:\Windows\SYSTEM32\USERENV.dll
0x00007ffc32eb0000 - 0x00007ffc32f55000 	C:\Windows\system32\ADVAPI32.dll
0x00007ffc28c00000 - 0x00007ffc28c1b000 	C:\Windows\SYSTEM32\MPR.dll
0x00007ffc315c0000 - 0x00007ffc316f7000 	C:\Windows\system32\RPCRT4.dll
0x00007ffc334d0000 - 0x00007ffc33527000 	C:\Windows\SYSTEM32\sechost.dll
0x00007ffc33070000 - 0x00007ffc33246000 	C:\Windows\SYSTEM32\combase.dll
0x00007ffc310a0000 - 0x00007ffc311e4000 	C:\Windows\system32\GDI32.dll
0x00007ffc30b30000 - 0x00007ffc30b44000 	C:\Windows\SYSTEM32\profapi.dll
0x00007ffc2f3d0000 - 0x00007ffc2f46f000 	C:\Windows\SYSTEM32\SHCORE.dll
0x00007ffc32c90000 - 0x00007ffc32cc4000 	C:\Windows\system32\IMM32.DLL
0x00007ffc33250000 - 0x00007ffc33389000 	C:\Windows\system32\MSCTF.dll
0x00007ffc2efa0000 - 0x00007ffc2f1fa000 	C:\Windows\WinSxS\amd64_microsoft.windows.common-controls_6595b64144ccf1df_6.0.9600.17031_none_6242a4b3ecbb55a1\COMCTL32.dll
0x0000000075180000 - 0x0000000075252000 	C:\Program Files\Java\jre1.8.0_25\bin\msvcr100.dll
0x0000000074090000 - 0x00000000748ea000 	C:\Program Files\Java\jre1.8.0_25\bin\server\jvm.dll
0x00007ffc0c880000 - 0x00007ffc0c889000 	C:\Windows\SYSTEM32\WSOCK32.dll
0x00007ffc21640000 - 0x00007ffc2165f000 	C:\Windows\SYSTEM32\WINMM.dll
0x00007ffc33060000 - 0x00007ffc33067000 	C:\Windows\system32\PSAPI.DLL
0x00007ffc31040000 - 0x00007ffc31098000 	C:\Windows\system32\WS2_32.dll
0x00007ffc21610000 - 0x00007ffc2163a000 	C:\Windows\SYSTEM32\WINMMBASE.dll
0x00007ffc311f0000 - 0x00007ffc311f9000 	C:\Windows\system32\NSI.dll
0x00007ffc30c50000 - 0x00007ffc30c9a000 	C:\Windows\SYSTEM32\cfgmgr32.dll
0x00007ffc2f9c0000 - 0x00007ffc2f9e6000 	C:\Windows\SYSTEM32\DEVOBJ.dll
0x0000000075320000 - 0x000000007532f000 	C:\Program Files\Java\jre1.8.0_25\bin\verify.dll
0x00000000752f0000 - 0x0000000075318000 	C:\Program Files\Java\jre1.8.0_25\bin\java.dll
0x0000000075140000 - 0x0000000075175000 	C:\Program Files\Java\jre1.8.0_25\bin\jdwp.dll
0x0000000075130000 - 0x0000000075138000 	C:\Program Files\Java\jre1.8.0_25\bin\npt.dll
0x00000000752d0000 - 0x00000000752e6000 	C:\Program Files\Java\jre1.8.0_25\bin\zip.dll
0x0000000075120000 - 0x0000000075129000 	C:\Program Files\Java\jre1.8.0_25\bin\dt_socket.dll
0x00007ffc18150000 - 0x00007ffc18164000 	C:\Windows\system32\napinsp.dll
0x00007ffc18130000 - 0x00007ffc18149000 	C:\Windows\system32\pnrpnsp.dll
0x00007ffc2c1d0000 - 0x00007ffc2c1e9000 	C:\Windows\system32\NLAapi.dll
0x00007ffc30360000 - 0x00007ffc303b8000 	C:\Windows\System32\mswsock.dll
0x00007ffc30170000 - 0x00007ffc30213000 	C:\Windows\SYSTEM32\DNSAPI.dll
0x00007ffc18120000 - 0x00007ffc1812c000 	C:\Windows\System32\winrnr.dll
0x00007ffc18100000 - 0x00007ffc18113000 	C:\Windows\system32\wshbth.dll
0x00007ffc2b120000 - 0x00007ffc2b188000 	C:\Windows\System32\fwpuclnt.dll
0x00007ffc1e180000 - 0x00007ffc1e189000 	C:\Windows\System32\rasadhlp.dll
0x0000000073ef0000 - 0x0000000074088000 	C:\Program Files\Java\jre1.8.0_25\bin\awt.dll
0x00007ffc31700000 - 0x00007ffc317c1000 	C:\Windows\system32\OLEAUT32.dll
0x00007ffc2f810000 - 0x00007ffc2f931000 	C:\Windows\system32\uxtheme.dll
0x00007ffc2f200000 - 0x00007ffc2f220000 	C:\Windows\system32\dwmapi.dll
0x00007ffc2f9b0000 - 0x00007ffc2f9ba000 	C:\Windows\SYSTEM32\kernel.appcore.dll
0x00007ffc309a0000 - 0x00007ffc309aa000 	C:\Windows\SYSTEM32\CRYPTBASE.dll
0x00007ffc30940000 - 0x00007ffc309a0000 	C:\Windows\SYSTEM32\bcryptPrimitives.dll
0x00007ffc16f50000 - 0x00007ffc17158000 	C:\Windows\system32\d3d9.dll
0x00007ffc2a3a0000 - 0x00007ffc2a3aa000 	C:\Windows\SYSTEM32\VERSION.dll
0x00007ffc08070000 - 0x00007ffc08c15000 	C:\Windows\SYSTEM32\igdumdim64.dll
0x00007ffc2d130000 - 0x00007ffc2d574000 	C:\Windows\SYSTEM32\igdusc64.dll
0x00000000750d0000 - 0x0000000075117000 	C:\Program Files\Java\jre1.8.0_25\bin\fontmanager.dll
0x00000000752b0000 - 0x00000000752ca000 	C:\Program Files\Java\jre1.8.0_25\bin\net.dll
0x0000000075290000 - 0x00000000752a1000 	C:\Program Files\Java\jre1.8.0_25\bin\nio.dll
0x0000000075080000 - 0x00000000750c1000 	C:\Program Files\Java\jre1.8.0_25\bin\t2k.dll
0x00007ffc303c0000 - 0x00007ffc303de000 	C:\Windows\SYSTEM32\CRYPTSP.dll
0x00007ffc30000000 - 0x00007ffc30035000 	C:\Windows\system32\rsaenh.dll
0x00007ffc30610000 - 0x00007ffc30636000 	C:\Windows\SYSTEM32\bcrypt.dll
0x00007ffc2b580000 - 0x00007ffc2b5a9000 	C:\Windows\SYSTEM32\IPHLPAPI.DLL
0x00007ffc2b560000 - 0x00007ffc2b56a000 	C:\Windows\SYSTEM32\WINNSI.DLL
0x00007ffc2b040000 - 0x00007ffc2b054000 	C:\Windows\SYSTEM32\dhcpcsvc6.DLL
0x00007ffc2b230000 - 0x00007ffc2b249000 	C:\Windows\SYSTEM32\dhcpcsvc.DLL
0x00007ffc31390000 - 0x00007ffc31434000 	C:\Windows\SYSTEM32\clbcatq.dll
0x00007ffc2eb60000 - 0x00007ffc2ecf3000 	C:\Windows\SYSTEM32\WindowsCodecs.dll
0x0000000075050000 - 0x000000007507a000 	C:\Program Files\Java\jre1.8.0_25\bin\dcpr.dll
0x00007ffc2bce0000 - 0x00007ffc2be68000 	C:\Windows\SYSTEM32\dbghelp.dll

VM Arguments:
jvm_args: -agentlib:jdwp=transport=dt_socket,suspend=y,address=localhost:6288 -Dfile.encoding=Cp1252 
java_command: com.jsembly.main.Main
java_class_path (initial): C:\Users\FPIMENTEL\Documents\JSembly\bin;C:\Users\FPIMENTEL\Documents\JSembly\src\com\jsembly\bibliotecas\JTattoo-1.6.10.jar
Launcher Type: SUN_STANDARD

Environment Variables:
JAVA_HOME=C:\Program Files\Java\jdk1.8.0_11
PATH=C:/Program Files/Java/jre1.8.0_25/bin/server;C:/Program Files/Java/jre1.8.0_25/bin;C:/Program Files/Java/jre1.8.0_25/lib/amd64;C:\ProgramData\Oracle\Java\javapath;C:\Program Files (x86)\EasyPHP-DevServer-14.1VC11\binaries\php\php_runningversion;C:\Program Files (x86)\Intel\iCLS Client\;C:\Program Files\Intel\iCLS Client\;C:\Windows\system32;C:\Windows;C:\Windows\System32\Wbem;C:\Windows\System32\WindowsPowerShell\v1.0\;C:\Program Files\Intel\Intel(R) Management Engine Components\DAL;C:\Program Files\Intel\Intel(R) Management Engine Components\IPT;C:\Program Files (x86)\Intel\Intel(R) Management Engine Components\DAL;C:\Program Files (x86)\Intel\Intel(R) Management Engine Components\IPT;C:\Program Files\Acer\Remote Files\;C:\Program Files (x86)\Windows Kits\8.1\Windows Performance Toolkit\;C:\Program Files\Microsoft SQL Server\110\Tools\Binn\;C:\Program Files (x86)\Microsoft SDKs\TypeScript\1.0\;C:\Program Files\Microsoft SQL Server\Client SDK\ODBC\110\Tools\Binn\;C:\Program Files (x86)\Microsoft SQL Server\120\Tools\Binn\;C:\Program Files\Microsoft SQL Server\120\Tools\Binn\;C:\Program Files\Microsoft SQL Server\120\DTS\Binn\;C:\Program Files (x86)\Microsoft SQL Server\120\Tools\Binn\ManagementStudio\;C:\Program Files (x86)\Microsoft SQL Server\120\DTS\Binn\;C:\strawberry\c\bin;C:\strawberry\perl\site\bin;C:\strawberry\perl\bin;C:\Program Files (x86)\QuickTime\QTSystem\;C:\Program Files\eclipse;
USERNAME=Fellipe
OS=Windows_NT
PROCESSOR_IDENTIFIER=Intel64 Family 6 Model 69 Stepping 1, GenuineIntel



---------------  S Y S T E M  ---------------

OS: Windows 8.1 , 64 bit Build 9600 

CPU:total 4 (2 cores per cpu, 2 threads per core) family 6 model 69 stepping 1, cmov, cx8, fxsr, mmx, sse, sse2, sse3, ssse3, sse4.1, sse4.2, popcnt, avx, avx2, aes, clmul, erms, lzcnt, ht, tsc, tscinvbit, bmi1, bmi2

Memory: 4k page, physical 4071704k(992380k free), swap 4071704k(3940k free)

vm_info: Java HotSpot(TM) 64-Bit Server VM (25.25-b02) for windows-amd64 JRE (1.8.0_25-b18), built on Oct  7 2014 14:25:37 by "java_re" with MS VC++ 10.0 (VS2010)

time: Sat Nov 22 00:59:34 2014
elapsed time: 426 seconds (0d 0h 7m 6s)

